D:\PERSONAL\STUDY\WORKPLACE\DATASTRUCTURES\CODECHEF\PEAK FINDING\DEBUG\SOURCE.OBJ
D:\PERSONAL\STUDY\WORKPLACE\DATASTRUCTURES\CODECHEF\PEAK FINDING\DEBUG\VC110.PDB
D:\PERSONAL\STUDY\WORKPLACE\DATASTRUCTURES\CODECHEF\PEAK FINDING\DEBUG\PROJECT.ILK
D:\PERSONAL\STUDY\WORKPLACE\DATASTRUCTURES\CODECHEF\PEAK FINDING\DEBUG\PROJECT.EXE
D:\PERSONAL\STUDY\WORKPLACE\DATASTRUCTURES\CODECHEF\PEAK FINDING\DEBUG\PROJECT.PDB
D:\Personal\Study\Workplace\DataStructures\CodeChef\Peak Finding\Debug\Source.obj
D:\Personal\Study\Workplace\DataStructures\CodeChef\Peak Finding\Debug\project.ilk
D:\Personal\Study\Workplace\DataStructures\CodeChef\Peak Finding\Debug\cl.command.1.tlog
D:\Personal\Study\Workplace\DataStructures\CodeChef\Peak Finding\Debug\CL.read.1.tlog
D:\Personal\Study\Workplace\DataStructures\CodeChef\Peak Finding\Debug\CL.write.1.tlog
D:\Personal\Study\Workplace\DataStructures\CodeChef\Peak Finding\Debug\link-cvtres.read.1.tlog
D:\Personal\Study\Workplace\DataStructures\CodeChef\Peak Finding\Debug\link-cvtres.write.1.tlog
D:\Personal\Study\Workplace\DataStructures\CodeChef\Peak Finding\Debug\link-rc.read.1.tlog
D:\Personal\Study\Workplace\DataStructures\CodeChef\Peak Finding\Debug\link-rc.write.1.tlog
D:\Personal\Study\Workplace\DataStructures\CodeChef\Peak Finding\Debug\link.command.1.tlog
D:\Personal\Study\Workplace\DataStructures\CodeChef\Peak Finding\Debug\link.read.1.tlog
D:\Personal\Study\Workplace\DataStructures\CodeChef\Peak Finding\Debug\link.write.1.tlog
D:\Personal\Study\Workplace\DataStructures\CodeChef\Peak Finding\Debug\vc110.idb
D:\Personal\Study\Workplace\DataStructures\CodeChef\Peak Finding\Debug\project.pdb
D:\Personal\Study\Workplace\DataStructures\CodeChef\Peak Finding\Debug\vc110.pdb
D:\Personal\Study\Workplace\DataStructures\CodeChef\Peak Finding\Debug\project.exe
