D:\PERSONAL\STUDY\WORKPLACE\DATASTRUCTURES\CODECHEF\DECREMENT OR INCREMENT\DEBUG\SOURCE.OBJ
D:\PERSONAL\STUDY\WORKPLACE\DATASTRUCTURES\CODECHEF\DECREMENT OR INCREMENT\DEBUG\VC110.PDB
D:\PERSONAL\STUDY\WORKPLACE\DATASTRUCTURES\CODECHEF\DECREMENT OR INCREMENT\DEBUG\PROJECT.ILK
D:\PERSONAL\STUDY\WORKPLACE\DATASTRUCTURES\CODECHEF\DECREMENT OR INCREMENT\DEBUG\PROJECT.EXE
D:\PERSONAL\STUDY\WORKPLACE\DATASTRUCTURES\CODECHEF\DECREMENT OR INCREMENT\DEBUG\PROJECT.PDB
D:\Personal\Study\Workplace\DataStructures\CodeChef\Decrement OR Increment\Debug\Source.obj
D:\Personal\Study\Workplace\DataStructures\CodeChef\Decrement OR Increment\Debug\project.ilk
D:\Personal\Study\Workplace\DataStructures\CodeChef\Decrement OR Increment\Debug\cl.command.1.tlog
D:\Personal\Study\Workplace\DataStructures\CodeChef\Decrement OR Increment\Debug\CL.read.1.tlog
D:\Personal\Study\Workplace\DataStructures\CodeChef\Decrement OR Increment\Debug\CL.write.1.tlog
D:\Personal\Study\Workplace\DataStructures\CodeChef\Decrement OR Increment\Debug\link-cvtres.read.1.tlog
D:\Personal\Study\Workplace\DataStructures\CodeChef\Decrement OR Increment\Debug\link-cvtres.write.1.tlog
D:\Personal\Study\Workplace\DataStructures\CodeChef\Decrement OR Increment\Debug\link-rc.read.1.tlog
D:\Personal\Study\Workplace\DataStructures\CodeChef\Decrement OR Increment\Debug\link-rc.write.1.tlog
D:\Personal\Study\Workplace\DataStructures\CodeChef\Decrement OR Increment\Debug\link.command.1.tlog
D:\Personal\Study\Workplace\DataStructures\CodeChef\Decrement OR Increment\Debug\link.read.1.tlog
D:\Personal\Study\Workplace\DataStructures\CodeChef\Decrement OR Increment\Debug\link.write.1.tlog
D:\Personal\Study\Workplace\DataStructures\CodeChef\Decrement OR Increment\Debug\vc110.idb
D:\Personal\Study\Workplace\DataStructures\CodeChef\Decrement OR Increment\Debug\project.pdb
D:\Personal\Study\Workplace\DataStructures\CodeChef\Decrement OR Increment\Debug\vc110.pdb
D:\Personal\Study\Workplace\DataStructures\CodeChef\Decrement OR Increment\Debug\project.exe
