D:\PERSONAL\STUDY\WORKPLACE\MYCODE\OTHER\DP\MINIMUM STEPS TO ONE\DEBUG\SOURCE.OBJ
D:\PERSONAL\STUDY\WORKPLACE\MYCODE\OTHER\DP\MINIMUM STEPS TO ONE\DEBUG\VC110.PDB
D:\PERSONAL\STUDY\WORKPLACE\MYCODE\OTHER\DP\MINIMUM STEPS TO ONE\DEBUG\PROJECT.ILK
D:\PERSONAL\STUDY\WORKPLACE\MYCODE\OTHER\DP\MINIMUM STEPS TO ONE\DEBUG\PROJECT.EXE
D:\PERSONAL\STUDY\WORKPLACE\MYCODE\OTHER\DP\MINIMUM STEPS TO ONE\DEBUG\PROJECT.PDB
D:\Personal\Study\Workplace\mycode\other\DP\Minimum Steps To One\Debug\Source.obj
D:\Personal\Study\Workplace\mycode\other\DP\Minimum Steps To One\Debug\project.ilk
D:\Personal\Study\Workplace\mycode\other\DP\Minimum Steps To One\Debug\cl.command.1.tlog
D:\Personal\Study\Workplace\mycode\other\DP\Minimum Steps To One\Debug\CL.read.1.tlog
D:\Personal\Study\Workplace\mycode\other\DP\Minimum Steps To One\Debug\CL.write.1.tlog
D:\Personal\Study\Workplace\mycode\other\DP\Minimum Steps To One\Debug\link-cvtres.read.1.tlog
D:\Personal\Study\Workplace\mycode\other\DP\Minimum Steps To One\Debug\link-cvtres.write.1.tlog
D:\Personal\Study\Workplace\mycode\other\DP\Minimum Steps To One\Debug\link-rc.read.1.tlog
D:\Personal\Study\Workplace\mycode\other\DP\Minimum Steps To One\Debug\link-rc.write.1.tlog
D:\Personal\Study\Workplace\mycode\other\DP\Minimum Steps To One\Debug\link.command.1.tlog
D:\Personal\Study\Workplace\mycode\other\DP\Minimum Steps To One\Debug\link.read.1.tlog
D:\Personal\Study\Workplace\mycode\other\DP\Minimum Steps To One\Debug\link.write.1.tlog
D:\Personal\Study\Workplace\mycode\other\DP\Minimum Steps To One\Debug\vc110.idb
D:\Personal\Study\Workplace\mycode\other\DP\Minimum Steps To One\Debug\project.pdb
D:\Personal\Study\Workplace\mycode\other\DP\Minimum Steps To One\Debug\vc110.pdb
D:\Personal\Study\Workplace\mycode\other\DP\Minimum Steps To One\Debug\project.exe
